<?xml version="1.0" encoding="UTF-8"?>
<testng-results skipped="0" failed="0" ignored="0" total="1" passed="1">
  <reporter-output>
  </reporter-output>
  <suite name="Default suite" duration-ms="13724" started-at="2020-11-25T19:18:30Z" finished-at="2020-11-25T19:18:43Z">
    <groups>
      <group name="cucumber">
        <method signature="AbstractTestNGCucumberTests.feature(cucumber.api.testng.CucumberFeatureWrapper)[pri:0, instance:com.API.runner.API_Runner@56ef9176]" name="feature" class="cucumber.api.testng.AbstractTestNGCucumberTests"/>
      </group> <!-- cucumber -->
    </groups>
    <test name="Default test" duration-ms="13724" started-at="2020-11-25T19:18:30Z" finished-at="2020-11-25T19:18:43Z">
      <class name="com.API.runner.API_Runner">
        <test-method status="PASS" signature="setUpClass()[pri:0, instance:com.API.runner.API_Runner@56ef9176]" name="setUpClass" is-config="true" duration-ms="299" started-at="2020-11-25T19:18:30Z" finished-at="2020-11-25T19:18:30Z">
          <reporter-output>
          </reporter-output>
        </test-method> <!-- setUpClass -->
        <test-method status="PASS" signature="feature(cucumber.api.testng.CucumberFeatureWrapper)[pri:0, instance:com.API.runner.API_Runner@56ef9176]" name="feature" duration-ms="13278" started-at="2020-11-25T19:18:30Z" description="Runs Cucumber Feature" data-provider="features" finished-at="2020-11-25T19:18:43Z">
          <params>
            <param index="0">
              <value>
                <![CDATA[RestAPI Automation]]>
              </value>
            </param>
          </params>
          <reporter-output>
          </reporter-output>
        </test-method> <!-- feature -->
        <test-method status="PASS" signature="tearDownClass()[pri:0, instance:com.API.runner.API_Runner@56ef9176]" name="tearDownClass" is-config="true" duration-ms="25" started-at="2020-11-25T19:18:43Z" finished-at="2020-11-25T19:18:43Z">
          <reporter-output>
          </reporter-output>
        </test-method> <!-- tearDownClass -->
      </class> <!-- com.API.runner.API_Runner -->
    </test> <!-- Default test -->
  </suite> <!-- Default suite -->
</testng-results>
