<?xml version="1.0" encoding="UTF-8"?>
<testng-results ignored="0" total="1" passed="1" failed="0" skipped="0">
  <reporter-output>
  </reporter-output>
  <suite started-at="2020-11-26T17:13:23Z" name="Default suite" finished-at="2020-11-26T17:13:33Z" duration-ms="9351">
    <groups>
      <group name="cucumber">
        <method signature="AbstractTestNGCucumberTests.feature(cucumber.api.testng.CucumberFeatureWrapper)[pri:0, instance:com.API.runner.API_Runner@662706a7]" name="feature" class="cucumber.api.testng.AbstractTestNGCucumberTests"/>
      </group> <!-- cucumber -->
    </groups>
    <test started-at="2020-11-26T17:13:23Z" name="Default test" finished-at="2020-11-26T17:13:33Z" duration-ms="9351">
      <class name="com.API.runner.API_Runner">
        <test-method is-config="true" signature="setUpClass()[pri:0, instance:com.API.runner.API_Runner@662706a7]" started-at="2020-11-26T17:13:23Z" name="setUpClass" finished-at="2020-11-26T17:13:24Z" duration-ms="665" status="PASS">
          <reporter-output>
          </reporter-output>
        </test-method> <!-- setUpClass -->
        <test-method signature="feature(cucumber.api.testng.CucumberFeatureWrapper)[pri:0, instance:com.API.runner.API_Runner@662706a7]" started-at="2020-11-26T17:13:24Z" name="feature" description="Runs Cucumber Feature" data-provider="features" finished-at="2020-11-26T17:13:32Z" duration-ms="8188" status="PASS">
          <params>
            <param index="0">
              <value>
                <![CDATA[RestAPI Automation]]>
              </value>
            </param>
          </params>
          <reporter-output>
          </reporter-output>
        </test-method> <!-- feature -->
        <test-method is-config="true" signature="tearDownClass()[pri:0, instance:com.API.runner.API_Runner@662706a7]" started-at="2020-11-26T17:13:32Z" name="tearDownClass" finished-at="2020-11-26T17:13:33Z" duration-ms="258" status="PASS">
          <reporter-output>
          </reporter-output>
        </test-method> <!-- tearDownClass -->
      </class> <!-- com.API.runner.API_Runner -->
    </test> <!-- Default test -->
  </suite> <!-- Default suite -->
</testng-results>
